
> gb-staff-performance@0.0.0 dev
> next dev --hostname 0.0.0.0 --port 5173

▲ Next.js 16.2.6 (Turbopack)
- Local:         http://localhost:5173
- Network:       http://0.0.0.0:5173
- Environments: .env
✓ Ready in 1229ms

 GET / 200 in 955ms (next.js: 785ms, application-code: 171ms)
 GET /evaluate 200 in 111ms (next.js: 46ms, application-code: 65ms)
 GET /evaluate 200 in 118ms (next.js: 11ms, application-code: 107ms)
 GET / 200 in 106ms (next.js: 20ms, application-code: 87ms)
 GET /evaluate 200 in 81ms (next.js: 4ms, application-code: 77ms)
 GET / 200 in 54ms (next.js: 5ms, application-code: 49ms)
 GET / 200 in 35ms (next.js: 5ms, application-code: 29ms)
 GET /evaluate 200 in 43ms (next.js: 10ms, application-code: 33ms)
 GET /admin/staff 200 in 254ms (next.js: 74ms, application-code: 179ms)
 GET /admin/cycles 200 in 167ms (next.js: 65ms, application-code: 102ms)
 GET /admin/staff 200 in 145ms (next.js: 6ms, application-code: 139ms)
 GET /admin/cycles 200 in 100ms (next.js: 8ms, application-code: 92ms)
 GET /admin/staff/new 200 in 134ms (next.js: 48ms, application-code: 86ms)
 GET /admin 404 in 757ms (next.js: 704ms, application-code: 53ms)
 GET /admin/cycles 200 in 182ms (next.js: 95ms, application-code: 87ms)
 GET /admin/cycles 200 in 38ms (next.js: 3ms, application-code: 34ms)
 GET /admin/cycles 200 in 99ms (next.js: 5ms, application-code: 95ms)
 GET /admin/cycles 200 in 63ms (next.js: 5ms, application-code: 58ms)
 GET /admin/cycles 200 in 71ms (next.js: 5ms, application-code: 66ms)
 GET /admin/cycles 200 in 42ms (next.js: 3ms, application-code: 39ms)
 GET /admin/cycles 200 in 155ms (next.js: 5ms, application-code: 150ms)
 GET /admin/cycles 200 in 123ms (next.js: 4ms, application-code: 118ms)
 GET /admin/cycles 200 in 131ms (next.js: 4ms, application-code: 127ms)
 GET /admin/cycles 200 in 257ms (next.js: 3ms, application-code: 253ms)
 GET /admin/cycles 200 in 252ms (next.js: 5ms, application-code: 247ms)
 GET /admin/cycles 200 in 220ms (next.js: 9ms, application-code: 211ms)
 GET /admin/cycles 200 in 180ms (next.js: 11ms, application-code: 169ms)
 GET /admin/cycles 200 in 215ms (next.js: 40ms, application-code: 175ms)
 GET /admin/cycles 200 in 165ms (next.js: 8ms, application-code: 157ms)
 GET /admin/cycles 200 in 255ms (next.js: 4ms, application-code: 251ms)
 GET /admin/cycles 200 in 260ms (next.js: 8ms, application-code: 253ms)
 GET /admin/cycles 200 in 210ms (next.js: 10ms, application-code: 200ms)
 GET /admin/cycles 200 in 206ms (next.js: 37ms, application-code: 169ms)
 GET /admin/cycles 200 in 206ms (next.js: 68ms, application-code: 138ms)
 GET /admin/cycles 200 in 132ms (next.js: 5ms, application-code: 127ms)
 GET /admin/cycles 200 in 126ms (next.js: 4ms, application-code: 122ms)
 GET /admin/cycles 200 in 85ms (next.js: 4ms, application-code: 80ms)
 GET /admin/cycles 200 in 84ms (next.js: 38ms, application-code: 46ms)
 GET /admin 307 in 638ms (next.js: 470ms, application-code: 168ms)
 GET /admin/staff 200 in 125ms (next.js: 30ms, application-code: 96ms)
 GET /admin 307 in 63ms (next.js: 3ms, application-code: 60ms)
 GET / 200 in 81ms (next.js: 25ms, application-code: 57ms)
 GET /admin/cycles 200 in 127ms (next.js: 7ms, application-code: 120ms)
✓ Compiled in 2.4s
 GET /admin/cycles 200 in 323ms (next.js: 145ms, application-code: 178ms)
 GET /admin/cycles 200 in 92ms (next.js: 4ms, application-code: 88ms)
 GET /admin/cycles 200 in 81ms (next.js: 7ms, application-code: 75ms)
 GET /admin/cycles 200 in 80ms (next.js: 3ms, application-code: 76ms)
 GET /admin/cycles 200 in 79ms (next.js: 4ms, application-code: 75ms)
 GET /admin/cycles 200 in 78ms (next.js: 4ms, application-code: 74ms)
 GET /admin/cycles 200 in 186ms (next.js: 3ms, application-code: 182ms)
 GET /admin/cycles 200 in 248ms (next.js: 3ms, application-code: 244ms)
 GET /admin/cycles 200 in 248ms (next.js: 4ms, application-code: 243ms)
 GET /admin/cycles 200 in 217ms (next.js: 6ms, application-code: 212ms)
 GET /admin/cycles 200 in 218ms (next.js: 37ms, application-code: 181ms)
 GET /admin/cycles 200 in 257ms (next.js: 77ms, application-code: 181ms)
 GET /admin/cycles 200 in 247ms (next.js: 5ms, application-code: 242ms)
 GET /admin/cycles 200 in 250ms (next.js: 4ms, application-code: 246ms)
 GET /admin/cycles 200 in 253ms (next.js: 7ms, application-code: 245ms)
 GET /admin/cycles 200 in 213ms (next.js: 6ms, application-code: 207ms)
 GET /admin/cycles 200 in 215ms (next.js: 34ms, application-code: 181ms)
 GET /admin/cycles 200 in 188ms (next.js: 12ms, application-code: 176ms)
 GET /admin/cycles 200 in 247ms (next.js: 4ms, application-code: 244ms)
 GET /admin/cycles 200 in 250ms (next.js: 4ms, application-code: 245ms)
 GET /admin/cycles 200 in 242ms (next.js: 6ms, application-code: 236ms)
 GET /admin/cycles 200 in 209ms (next.js: 34ms, application-code: 175ms)
 GET /admin/cycles 200 in 212ms (next.js: 6ms, application-code: 206ms)
 GET /admin/cycles 200 in 143ms (next.js: 6ms, application-code: 137ms)
 GET /admin/cycles 200 in 89ms (next.js: 4ms, application-code: 86ms)
 GET /admin/cycles 200 in 49ms (next.js: 4ms, application-code: 45ms)
 GET /admin/cycles 200 in 195ms (next.js: 102ms, application-code: 94ms)
 GET /admin/cycles 200 in 109ms (next.js: 4ms, application-code: 104ms)
 GET /admin/cycles 200 in 95ms (next.js: 7ms, application-code: 88ms)
 GET /admin/cycles 200 in 77ms (next.js: 3ms, application-code: 74ms)
 GET /admin/cycles 200 in 72ms (next.js: 4ms, application-code: 69ms)
 GET /admin/cycles 200 in 127ms (next.js: 3ms, application-code: 124ms)
 GET /admin/cycles 200 in 128ms (next.js: 5ms, application-code: 123ms)
 GET /admin/cycles 200 in 169ms (next.js: 4ms, application-code: 165ms)
 GET /admin/cycles 200 in 251ms (next.js: 6ms, application-code: 245ms)
 GET /admin/cycles 200 in 223ms (next.js: 3ms, application-code: 220ms)
 GET /admin/cycles 200 in 237ms (next.js: 6ms, application-code: 231ms)
 GET /admin/cycles 200 in 239ms (next.js: 6ms, application-code: 233ms)
 GET /admin/cycles 200 in 240ms (next.js: 35ms, application-code: 205ms)
 GET /admin/cycles 200 in 197ms (next.js: 6ms, application-code: 191ms)
 GET /admin/cycles 200 in 253ms (next.js: 5ms, application-code: 248ms)
 GET /admin/cycles 200 in 211ms (next.js: 8ms, application-code: 203ms)
 GET /admin/cycles 200 in 179ms (next.js: 13ms, application-code: 166ms)
 GET /admin/cycles 200 in 209ms (next.js: 5ms, application-code: 204ms)
 GET /admin/cycles 200 in 243ms (next.js: 37ms, application-code: 205ms)
 GET /admin/cycles 200 in 185ms (next.js: 7ms, application-code: 179ms)
 GET /admin/cycles 200 in 247ms (next.js: 10ms, application-code: 237ms)
 GET /admin/cycles 200 in 208ms (next.js: 7ms, application-code: 200ms)
 GET /admin/cycles 200 in 174ms (next.js: 8ms, application-code: 166ms)
 GET /admin/cycles 200 in 196ms (next.js: 5ms, application-code: 190ms)
 GET /admin/cycles 200 in 196ms (next.js: 34ms, application-code: 162ms)
 GET /admin/cycles 200 in 133ms (next.js: 9ms, application-code: 124ms)
 GET /admin/cycles 200 in 85ms (next.js: 6ms, application-code: 79ms)
 GET /admin/cycles 200 in 54ms (next.js: 13ms, application-code: 41ms)
 GET /admin/cycles 200 in 191ms (next.js: 114ms, application-code: 77ms)
 GET /admin/cycles 200 in 46ms (next.js: 5ms, application-code: 41ms)
 GET /admin/cycles 200 in 127ms (next.js: 4ms, application-code: 122ms)
 GET /admin/cycles 200 in 92ms (next.js: 5ms, application-code: 86ms)
 GET /admin/cycles 200 in 80ms (next.js: 6ms, application-code: 74ms)
 GET /admin/cycles 200 in 42ms (next.js: 5ms, application-code: 38ms)
 GET /admin/cycles 200 in 260ms (next.js: 4ms, application-code: 256ms)
 GET /admin/cycles 200 in 267ms (next.js: 37ms, application-code: 230ms)
 GET /admin/cycles 200 in 202ms (next.js: 7ms, application-code: 195ms)
 GET /admin/cycles 200 in 190ms (next.js: 5ms, application-code: 184ms)
 GET /admin/cycles 200 in 297ms (next.js: 6ms, application-code: 291ms)
 GET /admin/cycles 200 in 304ms (next.js: 41ms, application-code: 264ms)
 GET /admin/cycles 200 in 360ms (next.js: 4ms, application-code: 356ms)
 GET /admin/cycles 200 in 368ms (next.js: 40ms, application-code: 328ms)
 GET /admin/cycles 200 in 339ms (next.js: 39ms, application-code: 300ms)
 GET /admin/cycles 200 in 253ms (next.js: 12ms, application-code: 242ms)
 GET /admin/cycles 200 in 324ms (next.js: 4ms, application-code: 320ms)
 GET /admin/cycles 200 in 332ms (next.js: 70ms, application-code: 262ms)
 GET /admin/cycles 200 in 242ms (next.js: 6ms, application-code: 236ms)
 GET /admin/cycles 200 in 243ms (next.js: 38ms, application-code: 205ms)
 GET /admin/cycles 200 in 178ms (next.js: 17ms, application-code: 162ms)
 GET /admin/cycles 200 in 168ms (next.js: 35ms, application-code: 133ms)
 GET /admin/cycles 200 in 236ms (next.js: 4ms, application-code: 232ms)
 GET /admin/cycles 200 in 240ms (next.js: 34ms, application-code: 206ms)
 GET /admin/cycles 200 in 246ms (next.js: 6ms, application-code: 240ms)
 GET /admin/cycles 200 in 247ms (next.js: 34ms, application-code: 212ms)
 GET /admin/cycles 200 in 217ms (next.js: 37ms, application-code: 180ms)
 GET /admin/cycles 200 in 186ms (next.js: 37ms, application-code: 148ms)
 GET /admin/cycles 200 in 93ms (next.js: 6ms, application-code: 87ms)
 GET /admin/cycles 200 in 55ms (next.js: 7ms, application-code: 48ms)
  Reload env: .env
 GET /admin/cycles 200 in 229ms (next.js: 96ms, application-code: 133ms)
 GET /admin/cycles 200 in 142ms (next.js: 80ms, application-code: 63ms)
  Reload env: .env
 GET /admin/cycles 200 in 163ms (next.js: 93ms, application-code: 70ms)
 GET / 200 in 176ms (next.js: 16ms, application-code: 160ms)
 GET / 200 in 86ms (next.js: 7ms, application-code: 79ms)
 GET / 200 in 99ms (next.js: 9ms, application-code: 90ms)
 GET /admin/staff 200 in 173ms (next.js: 33ms, application-code: 140ms)
 GET /admin/cycles 200 in 106ms (next.js: 5ms, application-code: 100ms)
 GET /evaluate 200 in 64ms (next.js: 25ms, application-code: 39ms)
 GET /evaluate 200 in 37ms (next.js: 6ms, application-code: 32ms)
 GET /api/admin/staff 200 in 200ms (next.js: 148ms, application-code: 51ms)
 GET /evaluate 200 in 41ms (next.js: 12ms, application-code: 29ms)
 GET / 200 in 77ms (next.js: 4ms, application-code: 73ms)
 GET / 200 in 83ms (next.js: 7ms, application-code: 77ms)
 GET /admin 307 in 88ms (next.js: 17ms, application-code: 71ms)
 GET / 200 in 94ms (next.js: 6ms, application-code: 88ms)
 GET /evaluate 200 in 54ms (next.js: 7ms, application-code: 47ms)
 GET /api/admin/staff 200 in 30ms (next.js: 10ms, application-code: 20ms)
✓ Compiled in 655ms
 GET / 200 in 574ms (next.js: 220ms, application-code: 354ms)
 GET / 200 in 569ms (next.js: 335ms, application-code: 233ms)
 GET / 200 in 148ms (next.js: 9ms, application-code: 139ms)
 GET / 200 in 145ms (next.js: 97ms, application-code: 48ms)
 GET / 200 in 270ms (next.js: 225ms, application-code: 45ms)
 GET / 200 in 273ms (next.js: 134ms, application-code: 139ms)
 GET / 200 in 93ms (next.js: 39ms, application-code: 54ms)
 GET / 200 in 97ms (next.js: 7ms, application-code: 91ms)
 GET / 200 in 88ms (next.js: 7ms, application-code: 82ms)
 GET / 200 in 89ms (next.js: 42ms, application-code: 46ms)
 GET / 200 in 286ms (next.js: 4ms, application-code: 283ms)
 GET / 200 in 290ms (next.js: 49ms, application-code: 242ms)
 GET / 200 in 373ms (next.js: 17ms, application-code: 356ms)
 GET / 200 in 366ms (next.js: 48ms, application-code: 317ms)
 GET / 200 in 466ms (next.js: 9ms, application-code: 457ms)
 GET / 200 in 466ms (next.js: 36ms, application-code: 430ms)
 GET / 200 in 501ms (next.js: 11ms, application-code: 490ms)
 GET / 200 in 500ms (next.js: 52ms, application-code: 448ms)
 GET / 200 in 415ms (next.js: 12ms, application-code: 402ms)
 GET / 200 in 455ms (next.js: 44ms, application-code: 410ms)
 GET / 200 in 458ms (next.js: 49ms, application-code: 409ms)
 GET / 200 in 391ms (next.js: 10ms, application-code: 381ms)
 GET / 200 in 454ms (next.js: 38ms, application-code: 416ms)
 GET / 200 in 430ms (next.js: 47ms, application-code: 383ms)
 GET / 200 in 429ms (next.js: 92ms, application-code: 337ms)
 GET / 200 in 474ms (next.js: 94ms, application-code: 380ms)
 GET / 200 in 462ms (next.js: 40ms, application-code: 423ms)
 GET / 200 in 468ms (next.js: 9ms, application-code: 459ms)
 GET / 200 in 459ms (next.js: 9ms, application-code: 450ms)
 GET / 200 in 451ms (next.js: 13ms, application-code: 438ms)
 GET / 200 in 411ms (next.js: 10ms, application-code: 401ms)
 GET / 200 in 411ms (next.js: 43ms, application-code: 369ms)
 GET / 200 in 381ms (next.js: 11ms, application-code: 370ms)
 GET / 200 in 413ms (next.js: 40ms, application-code: 373ms)
 GET / 200 in 408ms (next.js: 11ms, application-code: 397ms)
 GET / 200 in 414ms (next.js: 70ms, application-code: 344ms)
 GET / 200 in 419ms (next.js: 37ms, application-code: 381ms)
 GET / 200 in 345ms (next.js: 7ms, application-code: 338ms)
 GET / 200 in 376ms (next.js: 6ms, application-code: 370ms)
 GET / 200 in 476ms (next.js: 40ms, application-code: 436ms)
 GET / 200 in 442ms (next.js: 11ms, application-code: 431ms)
 GET / 200 in 446ms (next.js: 14ms, application-code: 432ms)
 GET / 200 in 438ms (next.js: 41ms, application-code: 397ms)
 GET / 200 in 441ms (next.js: 8ms, application-code: 433ms)
 GET / 200 in 380ms (next.js: 21ms, application-code: 359ms)
 GET / 200 in 408ms (next.js: 43ms, application-code: 365ms)
 GET / 200 in 420ms (next.js: 10ms, application-code: 410ms)
 GET / 200 in 418ms (next.js: 42ms, application-code: 377ms)
 GET / 200 in 421ms (next.js: 71ms, application-code: 350ms)
 GET / 200 in 456ms (next.js: 69ms, application-code: 387ms)
 GET / 200 in 488ms (next.js: 7ms, application-code: 481ms)
 GET / 200 in 503ms (next.js: 15ms, application-code: 488ms)
 GET / 200 in 474ms (next.js: 7ms, application-code: 467ms)
 GET / 200 in 507ms (next.js: 13ms, application-code: 495ms)
 GET / 200 in 507ms (next.js: 47ms, application-code: 459ms)
 GET / 200 in 470ms (next.js: 47ms, application-code: 423ms)
 GET / 200 in 471ms (next.js: 11ms, application-code: 460ms)
 GET / 200 in 471ms (next.js: 42ms, application-code: 428ms)
 GET / 200 in 466ms (next.js: 9ms, application-code: 457ms)
 GET / 200 in 472ms (next.js: 92ms, application-code: 380ms)
 GET / 200 in 475ms (next.js: 58ms, application-code: 417ms)
 GET / 200 in 345ms (next.js: 13ms, application-code: 332ms)
 GET / 200 in 282ms (next.js: 10ms, application-code: 272ms)
 GET / 200 in 237ms (next.js: 11ms, application-code: 225ms)
 GET / 200 in 197ms (next.js: 13ms, application-code: 184ms)
 GET / 200 in 145ms (next.js: 11ms, application-code: 134ms)
 GET / 200 in 141ms (next.js: 44ms, application-code: 97ms)
 GET / 200 in 109ms (next.js: 46ms, application-code: 63ms)
✓ Compiled in 221ms
 GET / 200 in 264ms (next.js: 139ms, application-code: 126ms)
 GET / 200 in 266ms (next.js: 198ms, application-code: 67ms)
 GET / 200 in 150ms (next.js: 18ms, application-code: 131ms)
 GET / 200 in 153ms (next.js: 106ms, application-code: 47ms)
 GET / 200 in 176ms (next.js: 7ms, application-code: 169ms)
 GET / 200 in 184ms (next.js: 46ms, application-code: 138ms)
 GET / 200 in 209ms (next.js: 7ms, application-code: 201ms)
 GET / 200 in 305ms (next.js: 13ms, application-code: 292ms)
 GET / 200 in 525ms (next.js: 9ms, application-code: 516ms)
 GET / 200 in 532ms (next.js: 57ms, application-code: 475ms)
 GET / 200 in 499ms (next.js: 10ms, application-code: 489ms)
 GET / 200 in 499ms (next.js: 40ms, application-code: 459ms)
 GET / 200 in 500ms (next.js: 79ms, application-code: 421ms)
 GET / 200 in 394ms (next.js: 24ms, application-code: 369ms)
 GET / 200 in 444ms (next.js: 18ms, application-code: 426ms)
 GET / 200 in 445ms (next.js: 47ms, application-code: 398ms)
 GET / 200 in 446ms (next.js: 83ms, application-code: 363ms)
 GET / 200 in 373ms (next.js: 41ms, application-code: 332ms)
 GET / 200 in 411ms (next.js: 76ms, application-code: 335ms)
 GET / 200 in 385ms (next.js: 78ms, application-code: 307ms)
 GET / 200 in 439ms (next.js: 41ms, application-code: 398ms)
 GET / 200 in 448ms (next.js: 7ms, application-code: 441ms)
 GET / 200 in 435ms (next.js: 10ms, application-code: 425ms)
 GET / 200 in 438ms (next.js: 47ms, application-code: 392ms)
 GET / 200 in 478ms (next.js: 80ms, application-code: 398ms)
 GET / 200 in 459ms (next.js: 10ms, application-code: 450ms)
 GET / 200 in 454ms (next.js: 12ms, application-code: 442ms)
 GET / 200 in 484ms (next.js: 44ms, application-code: 441ms)
 GET / 200 in 483ms (next.js: 71ms, application-code: 413ms)
 GET / 200 in 452ms (next.js: 73ms, application-code: 379ms)
 GET / 200 in 426ms (next.js: 44ms, application-code: 382ms)
 GET / 200 in 394ms (next.js: 48ms, application-code: 347ms)
 GET / 200 in 528ms (next.js: 5ms, application-code: 522ms)
 GET / 200 in 538ms (next.js: 44ms, application-code: 494ms)
 GET / 200 in 458ms (next.js: 21ms, application-code: 437ms)
 GET / 200 in 455ms (next.js: 92ms, application-code: 363ms)
 GET / 200 in 409ms (next.js: 11ms, application-code: 399ms)
 GET / 200 in 410ms (next.js: 7ms, application-code: 403ms)
 GET / 200 in 402ms (next.js: 14ms, application-code: 387ms)
 GET / 200 in 428ms (next.js: 40ms, application-code: 388ms)
 GET / 200 in 431ms (next.js: 72ms, application-code: 358ms)
 GET / 200 in 432ms (next.js: 103ms, application-code: 329ms)
 GET / 200 in 402ms (next.js: 106ms, application-code: 296ms)
 GET / 200 in 340ms (next.js: 42ms, application-code: 298ms)
 GET / 200 in 483ms (next.js: 14ms, application-code: 468ms)
 GET / 200 in 483ms (next.js: 44ms, application-code: 439ms)
 GET / 200 in 408ms (next.js: 13ms, application-code: 395ms)
 GET / 200 in 405ms (next.js: 41ms, application-code: 364ms)
 GET / 200 in 385ms (next.js: 11ms, application-code: 373ms)
 GET / 200 in 378ms (next.js: 11ms, application-code: 367ms)
 GET / 200 in 417ms (next.js: 9ms, application-code: 408ms)
 GET / 200 in 410ms (next.js: 10ms, application-code: 399ms)
 GET / 200 in 413ms (next.js: 41ms, application-code: 372ms)
 GET / 200 in 414ms (next.js: 72ms, application-code: 342ms)
 GET / 200 in 454ms (next.js: 108ms, application-code: 346ms)
 GET / 200 in 364ms (next.js: 48ms, application-code: 316ms)
 GET / 200 in 493ms (next.js: 10ms, application-code: 482ms)
 GET / 200 in 497ms (next.js: 46ms, application-code: 451ms)
 GET / 200 in 424ms (next.js: 12ms, application-code: 412ms)
 GET / 200 in 424ms (next.js: 43ms, application-code: 381ms)
 GET / 200 in 352ms (next.js: 9ms, application-code: 343ms)
 GET / 200 in 317ms (next.js: 13ms, application-code: 304ms)
 GET / 200 in 273ms (next.js: 26ms, application-code: 247ms)
 GET / 200 in 260ms (next.js: 48ms, application-code: 212ms)
 GET / 200 in 220ms (next.js: 42ms, application-code: 178ms)
 GET / 200 in 223ms (next.js: 71ms, application-code: 152ms)
 GET / 200 in 123ms (next.js: 51ms, application-code: 72ms)
 GET / 200 in 193ms (next.js: 74ms, application-code: 119ms)
 GET / 200 in 218ms (next.js: 179ms, application-code: 40ms)
 GET / 200 in 230ms (next.js: 104ms, application-code: 126ms)
 GET / 200 in 199ms (next.js: 8ms, application-code: 191ms)
 GET / 200 in 207ms (next.js: 80ms, application-code: 127ms)
 GET / 200 in 162ms (next.js: 4ms, application-code: 158ms)
 GET / 200 in 167ms (next.js: 36ms, application-code: 131ms)
 GET / 200 in 373ms (next.js: 6ms, application-code: 367ms)
 GET / 200 in 375ms (next.js: 41ms, application-code: 335ms)
 GET / 200 in 489ms (next.js: 10ms, application-code: 479ms)
 GET / 200 in 493ms (next.js: 76ms, application-code: 417ms)
 GET / 200 in 495ms (next.js: 38ms, application-code: 457ms)
 GET / 200 in 495ms (next.js: 110ms, application-code: 385ms)
 GET / 200 in 490ms (next.js: 6ms, application-code: 484ms)
 GET / 200 in 492ms (next.js: 44ms, application-code: 448ms)
 GET / 200 in 500ms (next.js: 84ms, application-code: 415ms)
 GET / 200 in 450ms (next.js: 42ms, application-code: 408ms)
 GET / 200 in 455ms (next.js: 9ms, application-code: 446ms)
 GET / 200 in 456ms (next.js: 76ms, application-code: 380ms)
 GET / 200 in 384ms (next.js: 8ms, application-code: 376ms)
 GET / 200 in 389ms (next.js: 40ms, application-code: 349ms)
 GET / 200 in 440ms (next.js: 9ms, application-code: 431ms)
 GET / 200 in 447ms (next.js: 42ms, application-code: 405ms)
 GET / 200 in 448ms (next.js: 76ms, application-code: 373ms)
 GET / 200 in 490ms (next.js: 108ms, application-code: 382ms)
 GET / 200 in 505ms (next.js: 11ms, application-code: 494ms)
 GET / 200 in 507ms (next.js: 44ms, application-code: 463ms)
 GET / 200 in 435ms (next.js: 13ms, application-code: 422ms)
 GET / 200 in 392ms (next.js: 41ms, application-code: 351ms)
 GET / 200 in 395ms (next.js: 10ms, application-code: 386ms)
 GET / 200 in 428ms (next.js: 75ms, application-code: 353ms)
 GET / 200 in 400ms (next.js: 47ms, application-code: 353ms)
 GET / 200 in 399ms (next.js: 50ms, application-code: 349ms)
 GET / 200 in 428ms (next.js: 8ms, application-code: 420ms)
 GET / 200 in 431ms (next.js: 40ms, application-code: 391ms)
 GET / 200 in 516ms (next.js: 76ms, application-code: 440ms)
 GET / 200 in 419ms (next.js: 11ms, application-code: 409ms)
 GET / 200 in 502ms (next.js: 10ms, application-code: 492ms)
 GET / 200 in 508ms (next.js: 49ms, application-code: 459ms)
 GET / 200 in 473ms (next.js: 50ms, application-code: 422ms)
 GET / 200 in 396ms (next.js: 13ms, application-code: 383ms)
 GET / 200 in 397ms (next.js: 45ms, application-code: 352ms)
 GET / 200 in 395ms (next.js: 80ms, application-code: 315ms)
 GET / 200 in 395ms (next.js: 52ms, application-code: 344ms)
 GET / 200 in 358ms (next.js: 48ms, application-code: 310ms)
 GET / 200 in 431ms (next.js: 40ms, application-code: 392ms)
 GET / 200 in 471ms (next.js: 11ms, application-code: 461ms)
 GET / 200 in 443ms (next.js: 8ms, application-code: 435ms)
 GET / 200 in 451ms (next.js: 38ms, application-code: 413ms)
 GET / 200 in 513ms (next.js: 47ms, application-code: 466ms)
 GET / 200 in 518ms (next.js: 15ms, application-code: 504ms)
 GET / 200 in 442ms (next.js: 14ms, application-code: 428ms)
 GET / 200 in 436ms (next.js: 64ms, application-code: 372ms)
 GET / 200 in 440ms (next.js: 104ms, application-code: 336ms)
 GET / 200 in 387ms (next.js: 83ms, application-code: 304ms)
 GET / 200 in 343ms (next.js: 51ms, application-code: 292ms)
 GET / 200 in 336ms (next.js: 44ms, application-code: 292ms)
 GET / 200 in 440ms (next.js: 10ms, application-code: 430ms)
 GET / 200 in 474ms (next.js: 41ms, application-code: 433ms)
 GET / 200 in 410ms (next.js: 37ms, application-code: 373ms)
 GET / 200 in 416ms (next.js: 11ms, application-code: 405ms)
 GET / 200 in 478ms (next.js: 12ms, application-code: 465ms)
 GET / 200 in 477ms (next.js: 41ms, application-code: 437ms)
 GET / 200 in 405ms (next.js: 42ms, application-code: 363ms)
 GET / 200 in 412ms (next.js: 15ms, application-code: 397ms)
 GET / 200 in 408ms (next.js: 70ms, application-code: 338ms)
 GET / 200 in 407ms (next.js: 120ms, application-code: 287ms)
 GET / 200 in 308ms (next.js: 51ms, application-code: 257ms)
 GET / 200 in 266ms (next.js: 37ms, application-code: 229ms)
 GET / 200 in 192ms (next.js: 12ms, application-code: 180ms)
 GET / 200 in 148ms (next.js: 6ms, application-code: 142ms)
 GET / 200 in 111ms (next.js: 43ms, application-code: 67ms)
 GET / 200 in 114ms (next.js: 6ms, application-code: 109ms)
✓ Finished writing to filesystem cache in 2.9min
